[0620/140722:ERROR:process_reader_win.cc(141)] SuspendThread: Отказано в доступе. (0x5)
[0620/140722:ERROR:process_reader_win.cc(141)] SuspendThread: Отказано в доступе. (0x5)
[0620/140722:ERROR:process_reader_win.cc(141)] SuspendThread: Отказано в доступе. (0x5)
[0620/140722:ERROR:process_reader_win.cc(141)] SuspendThread: Отказано в доступе. (0x5)
[0620/140722:ERROR:process_reader_win.cc(141)] SuspendThread: Отказано в доступе. (0x5)
[0620/140722:ERROR:process_reader_win.cc(141)] SuspendThread: Отказано в доступе. (0x5)
[0620/140722:ERROR:process_reader_win.cc(141)] SuspendThread: Отказано в доступе. (0x5)
[0620/140722:ERROR:process_reader_win.cc(141)] SuspendThread: Отказано в доступе. (0x5)
[0620/140722:ERROR:process_reader_win.cc(141)] SuspendThread: Отказано в доступе. (0x5)
[0620/140722:ERROR:process_reader_win.cc(141)] SuspendThread: Отказано в доступе. (0x5)
[0620/140722:ERROR:exception_snapshot_win.cc(57)] thread ID 3852 not found in process
[0620/140722:WARNING:crash_report_exception_handler.cc(60)] ProcessSnapshotWin::InitializeException failed
[0620/224403:ERROR:process_reader_win.cc(172)] ResumeThread: Операция успешно завершена. (0x0)
[0620/224403:ERROR:process_reader_win.cc(141)] SuspendThread: Отказано в доступе. (0x5)
[0620/224403:ERROR:process_reader_win.cc(141)] SuspendThread: Отказано в доступе. (0x5)
[0620/224403:ERROR:process_reader_win.cc(141)] SuspendThread: Отказано в доступе. (0x5)
[0620/224403:ERROR:process_reader_win.cc(141)] SuspendThread: Отказано в доступе. (0x5)
[0620/224403:ERROR:process_reader_win.cc(141)] SuspendThread: Отказано в доступе. (0x5)
[0620/224403:ERROR:process_reader_win.cc(141)] SuspendThread: Отказано в доступе. (0x5)
[0620/224403:ERROR:process_reader_win.cc(141)] SuspendThread: Отказано в доступе. (0x5)
[0620/224403:ERROR:process_reader_win.cc(141)] SuspendThread: Отказано в доступе. (0x5)
[0620/224403:ERROR:process_reader_win.cc(141)] SuspendThread: Отказано в доступе. (0x5)
[0620/224403:ERROR:process_reader_win.cc(141)] SuspendThread: Отказано в доступе. (0x5)
[0620/224403:ERROR:exception_snapshot_win.cc(57)] thread ID 14784 not found in process
[0620/224403:WARNING:crash_report_exception_handler.cc(60)] ProcessSnapshotWin::InitializeException failed
[0620/224403:ERROR:process_reader_win.cc(172)] ResumeThread: Операция успешно завершена. (0x0)
[0620/224403:ERROR:process_reader_win.cc(141)] SuspendThread: Отказано в доступе. (0x5)
[0620/224403:ERROR:process_reader_win.cc(141)] SuspendThread: Отказано в доступе. (0x5)
[0620/224403:ERROR:process_reader_win.cc(141)] SuspendThread: Отказано в доступе. (0x5)
[0620/224403:ERROR:process_reader_win.cc(141)] SuspendThread: Отказано в доступе. (0x5)
[0620/224403:ERROR:scoped_process_suspend.cc(38)] NtResumeProcess, ntstatus=-1073741558
